0 verbose cli /opt/homebrew/Cellar/node/24.8.0/bin/node /opt/homebrew/bin/npm
1 info using npm@11.16.0
2 info using node@v24.8.0
3 silly config load:file:/opt/homebrew/lib/node_modules/npm/npmrc
4 silly config load:file:/Users/sam/hallelujahbeamer/.npmrc
5 silly config load:file:/Users/sam/.npmrc
6 silly config load:file:/opt/homebrew/etc/npmrc
7 verbose title npm install bonjour-service serialport dgram
8 verbose argv "install" "bonjour-service" "serialport" "dgram" "--cache" "/Users/sam/hallelujahbeamer/.npm-cache"
9 verbose logfile logs-max:10 dir:/Users/sam/hallelujahbeamer/.npm-cache/_logs/2026-06-17T20_08_16_402Z-
10 verbose logfile /Users/sam/hallelujahbeamer/.npm-cache/_logs/2026-06-17T20_08_16_402Z-debug-0.log
11 silly logfile done cleaning log files
12 silly packumentCache heap:2348810240 maxSize:587202560 maxEntrySize:293601280
13 silly idealTree buildDeps
14 silly fetch manifest bonjour-service@*
15 silly packumentCache full:https://registry.npmjs.org/bonjour-service cache-miss
16 http fetch GET https://registry.npmjs.org/bonjour-service attempt 1 failed with ENOTFOUND
17 http fetch GET https://registry.npmjs.org/bonjour-service attempt 2 failed with ENOTFOUND
18 http fetch GET https://registry.npmjs.org/bonjour-service attempt 3 failed with ENOTFOUND
19 silly fetch manifest serialport@*
20 silly packumentCache full:https://registry.npmjs.org/serialport cache-miss
21 http fetch GET https://registry.npmjs.org/serialport attempt 1 failed with ENOTFOUND
22 http fetch GET https://registry.npmjs.org/serialport attempt 2 failed with ENOTFOUND
23 http fetch GET https://registry.npmjs.org/serialport attempt 3 failed with ENOTFOUND
24 silly fetch manifest dgram@*
25 silly packumentCache full:https://registry.npmjs.org/dgram cache-miss
26 http fetch GET https://registry.npmjs.org/dgram attempt 1 failed with ENOTFOUND
27 http fetch GET https://registry.npmjs.org/dgram attempt 2 failed with ENOTFOUND
28 http fetch GET https://registry.npmjs.org/dgram attempt 3 failed with ENOTFOUND
29 silly placeDep ROOT bonjour-service@ OK for: hallelujahbeamer-app@0.1.0 want: *
30 silly placeDep ROOT dgram@ OK for: hallelujahbeamer-app@0.1.0 want: *
31 silly placeDep ROOT serialport@ OK for: hallelujahbeamer-app@0.1.0 want: *
32 verbose type system
33 verbose stack FetchError: request to https://registry.npmjs.org/bonjour-service failed, reason: getaddrinfo ENOTFOUND registry.npmjs.org
33 verbose stack     at ClientRequest.<anonymous> (/opt/homebrew/lib/node_modules/npm/node_modules/minipass-fetch/lib/index.js:130:14)
33 verbose stack     at ClientRequest.emit (node:events:508:28)
33 verbose stack     at emitErrorEvent (node:_http_client:107:11)
33 verbose stack     at _destroy (node:_http_client:954:9)
33 verbose stack     at onSocketNT (node:_http_client:974:5)
33 verbose stack     at process.processTicksAndRejections (node:internal/process/task_queues:91:21)
34 error code ENOTFOUND
35 error syscall getaddrinfo
36 error errno ENOTFOUND
37 error network request to https://registry.npmjs.org/bonjour-service failed, reason: getaddrinfo ENOTFOUND registry.npmjs.org
38 error network This is a problem related to network connectivity.
38 error network In most cases you are behind a proxy or have bad network settings.
38 error network
38 error network If you are behind a proxy, please make sure that the 'proxy' config is set properly.  See: 'npm help config'
39 silly unfinished npm timer reify 1781726896781
40 silly unfinished npm timer reify:loadTrees 1781726896781
41 verbose cwd /Users/sam/hallelujahbeamer
42 verbose os Darwin 24.6.0
43 verbose node v24.8.0
44 verbose npm  v11.16.0
45 verbose exit 1
46 verbose code 1
47 error A complete log of this run can be found in: /Users/sam/hallelujahbeamer/.npm-cache/_logs/2026-06-17T20_08_16_402Z-debug-0.log
