0 verbose cli /opt/homebrew/Cellar/node/24.8.0/bin/node /opt/homebrew/bin/npm
1 info using npm@11.16.0
2 info using node@v24.8.0
3 silly config load:file:/opt/homebrew/lib/node_modules/npm/npmrc
4 silly config load:file:/Users/sam/hallelujahbeamer/.npmrc
5 silly config load:file:/Users/sam/.npmrc
6 silly config load:file:/opt/homebrew/etc/npmrc
7 verbose title npm install @types/serialport @types/bonjour
8 verbose argv "install" "--save-dev" "@types/serialport" "@types/bonjour" "--cache" "/Users/sam/hallelujahbeamer/.npm-cache"
9 verbose logfile logs-max:10 dir:/Users/sam/hallelujahbeamer/.npm-cache/_logs/2026-06-17T20_05_19_716Z-
10 verbose logfile /Users/sam/hallelujahbeamer/.npm-cache/_logs/2026-06-17T20_05_19_716Z-debug-0.log
11 silly logfile done cleaning log files
12 silly packumentCache heap:2348810240 maxSize:587202560 maxEntrySize:293601280
13 silly idealTree buildDeps
14 silly fetch manifest @types/serialport@*
15 silly packumentCache full:https://registry.npmjs.org/@types%2fserialport cache-miss
16 http fetch GET https://registry.npmjs.org/@types%2fserialport attempt 1 failed with ENOTFOUND
17 http fetch GET https://registry.npmjs.org/@types%2fserialport attempt 2 failed with ENOTFOUND
18 http fetch GET https://registry.npmjs.org/@types%2fserialport attempt 3 failed with ENOTFOUND
19 silly fetch manifest @types/bonjour@*
20 silly packumentCache full:https://registry.npmjs.org/@types%2fbonjour cache-miss
21 http fetch GET https://registry.npmjs.org/@types%2fbonjour attempt 1 failed with ENOTFOUND
22 http fetch GET https://registry.npmjs.org/@types%2fbonjour attempt 2 failed with ENOTFOUND
23 http fetch GET https://registry.npmjs.org/@types%2fbonjour attempt 3 failed with ENOTFOUND
24 silly placeDep ROOT @types/bonjour@ OK for: hallelujahbeamer-app@0.1.0 want: *
25 silly placeDep ROOT @types/serialport@ OK for: hallelujahbeamer-app@0.1.0 want: *
26 verbose type system
27 verbose stack FetchError: request to https://registry.npmjs.org/@types%2fbonjour failed, reason: getaddrinfo ENOTFOUND registry.npmjs.org
27 verbose stack     at ClientRequest.<anonymous> (/opt/homebrew/lib/node_modules/npm/node_modules/minipass-fetch/lib/index.js:130:14)
27 verbose stack     at ClientRequest.emit (node:events:508:28)
27 verbose stack     at emitErrorEvent (node:_http_client:107:11)
27 verbose stack     at _destroy (node:_http_client:954:9)
27 verbose stack     at onSocketNT (node:_http_client:974:5)
27 verbose stack     at process.processTicksAndRejections (node:internal/process/task_queues:91:21)
28 error code ENOTFOUND
29 error syscall getaddrinfo
30 error errno ENOTFOUND
31 error network request to https://registry.npmjs.org/@types%2fbonjour failed, reason: getaddrinfo ENOTFOUND registry.npmjs.org
32 error network This is a problem related to network connectivity.
32 error network In most cases you are behind a proxy or have bad network settings.
32 error network
32 error network If you are behind a proxy, please make sure that the 'proxy' config is set properly.  See: 'npm help config'
33 silly unfinished npm timer reify 1781726719867
34 silly unfinished npm timer reify:loadTrees 1781726719867
35 verbose cwd /Users/sam/hallelujahbeamer
36 verbose os Darwin 24.6.0
37 verbose node v24.8.0
38 verbose npm  v11.16.0
39 verbose exit 1
40 verbose code 1
41 error A complete log of this run can be found in: /Users/sam/hallelujahbeamer/.npm-cache/_logs/2026-06-17T20_05_19_716Z-debug-0.log
